State 15 conflicts: 6 reduce/reduce


Grammar

    0 $accept: prog $end

    1 prog: '(' expr ')'

    2 expr: '(' expr ')'
    3     | '+' expr expr
    4     | '/' expr expr
    5     | '*' expr expr
    6     | '-' expr expr
    7     | '-' NUMBER
    8     | NUMBER


Terminals, with rules where they appear

$end (0) 0
'(' (40) 1 2
')' (41) 1 2
'*' (42) 5
'+' (43) 3
'-' (45) 6 7
'/' (47) 4
error (256)
NUMBER (258) 7 8


Nonterminals, with rules where they appear

$accept (10)
    on left: 0
prog (11)
    on left: 1, on right: 0
expr (12)
    on left: 2 3 4 5 6 7 8, on right: 1 2 3 4 5 6


State 0

    0 $accept: . prog $end

    '('  shift, and go to state 1

    prog  go to state 2


State 1

    1 prog: '(' . expr ')'

    NUMBER  shift, and go to state 3
    '('     shift, and go to state 4
    '+'     shift, and go to state 5
    '/'     shift, and go to state 6
    '*'     shift, and go to state 7
    '-'     shift, and go to state 8

    expr  go to state 9


State 2

    0 $accept: prog . $end

    $end  shift, and go to state 10


State 3

    8 expr: NUMBER .

    $default  reduce using rule 8 (expr)


State 4

    2 expr: '(' . expr ')'

    NUMBER  shift, and go to state 3
    '('     shift, and go to state 4
    '+'     shift, and go to state 5
    '/'     shift, and go to state 6
    '*'     shift, and go to state 7
    '-'     shift, and go to state 8

    expr  go to state 11


State 5

    3 expr: '+' . expr expr

    NUMBER  shift, and go to state 3
    '('     shift, and go to state 4
    '+'     shift, and go to state 5
    '/'     shift, and go to state 6
    '*'     shift, and go to state 7
    '-'     shift, and go to state 8

    expr  go to state 12


State 6

    4 expr: '/' . expr expr

    NUMBER  shift, and go to state 3
    '('     shift, and go to state 4
    '+'     shift, and go to state 5
    '/'     shift, and go to state 6
    '*'     shift, and go to state 7
    '-'     shift, and go to state 8

    expr  go to state 13


State 7

    5 expr: '*' . expr expr

    NUMBER  shift, and go to state 3
    '('     shift, and go to state 4
    '+'     shift, and go to state 5
    '/'     shift, and go to state 6
    '*'     shift, and go to state 7
    '-'     shift, and go to state 8

    expr  go to state 14


State 8

    6 expr: '-' . expr expr
    7     | '-' . NUMBER

    NUMBER  shift, and go to state 15
    '('     shift, and go to state 4
    '+'     shift, and go to state 5
    '/'     shift, and go to state 6
    '*'     shift, and go to state 7
    '-'     shift, and go to state 8

    expr  go to state 16


State 9

    1 prog: '(' expr . ')'

    ')'  shift, and go to state 17


State 10

    0 $accept: prog $end .

    $default  accept


State 11

    2 expr: '(' expr . ')'

    ')'  shift, and go to state 18


State 12

    3 expr: '+' expr . expr

    NUMBER  shift, and go to state 3
    '('     shift, and go to state 4
    '+'     shift, and go to state 5
    '/'     shift, and go to state 6
    '*'     shift, and go to state 7
    '-'     shift, and go to state 8

    expr  go to state 19


State 13

    4 expr: '/' expr . expr

    NUMBER  shift, and go to state 3
    '('     shift, and go to state 4
    '+'     shift, and go to state 5
    '/'     shift, and go to state 6
    '*'     shift, and go to state 7
    '-'     shift, and go to state 8

    expr  go to state 20


State 14

    5 expr: '*' expr . expr

    NUMBER  shift, and go to state 3
    '('     shift, and go to state 4
    '+'     shift, and go to state 5
    '/'     shift, and go to state 6
    '*'     shift, and go to state 7
    '-'     shift, and go to state 8

    expr  go to state 21


State 15

    7 expr: '-' NUMBER .
    8     | NUMBER .

    NUMBER    reduce using rule 7 (expr)
    NUMBER    [reduce using rule 8 (expr)]
    '('       reduce using rule 7 (expr)
    '('       [reduce using rule 8 (expr)]
    '+'       reduce using rule 7 (expr)
    '+'       [reduce using rule 8 (expr)]
    '/'       reduce using rule 7 (expr)
    '/'       [reduce using rule 8 (expr)]
    '*'       reduce using rule 7 (expr)
    '*'       [reduce using rule 8 (expr)]
    '-'       reduce using rule 7 (expr)
    '-'       [reduce using rule 8 (expr)]
    $default  reduce using rule 7 (expr)


State 16

    6 expr: '-' expr . expr

    NUMBER  shift, and go to state 3
    '('     shift, and go to state 4
    '+'     shift, and go to state 5
    '/'     shift, and go to state 6
    '*'     shift, and go to state 7
    '-'     shift, and go to state 8

    expr  go to state 22


State 17

    1 prog: '(' expr ')' .

    $default  reduce using rule 1 (prog)


State 18

    2 expr: '(' expr ')' .

    $default  reduce using rule 2 (expr)


State 19

    3 expr: '+' expr expr .

    $default  reduce using rule 3 (expr)


State 20

    4 expr: '/' expr expr .

    $default  reduce using rule 4 (expr)


State 21

    5 expr: '*' expr expr .

    $default  reduce using rule 5 (expr)


State 22

    6 expr: '-' expr expr .

    $default  reduce using rule 6 (expr)
