Terminals unused in grammar

   '='


Grammar

    0 $accept: calc $end

    1 calc: expression

    2 expression: expression '+' expression
    3           | expression '-' expression
    4           | expression '*' expression
    5           | expression '/' expression
    6           | '-' expression
    7           | '(' expression ')'
    8           | NUMBER


Terminals, with rules where they appear

$end (0) 0
'(' (40) 7
')' (41) 7
'*' (42) 4
'+' (43) 2
'-' (45) 3 6
'/' (47) 5
'=' (61)
error (256)
NUMBER (258) 8


Nonterminals, with rules where they appear

$accept (11)
    on left: 0
calc (12)
    on left: 1, on right: 0
expression (13)
    on left: 2 3 4 5 6 7 8, on right: 1 2 3 4 5 6 7


State 0

    0 $accept: . calc $end

    NUMBER  shift, and go to state 1
    '-'     shift, and go to state 2
    '('     shift, and go to state 3

    calc        go to state 4
    expression  go to state 5


State 1

    8 expression: NUMBER .

    $default  reduce using rule 8 (expression)


State 2

    6 expression: '-' . expression

    NUMBER  shift, and go to state 1
    '-'     shift, and go to state 2
    '('     shift, and go to state 3

    expression  go to state 6


State 3

    7 expression: '(' . expression ')'

    NUMBER  shift, and go to state 1
    '-'     shift, and go to state 2
    '('     shift, and go to state 3

    expression  go to state 7


State 4

    0 $accept: calc . $end

    $end  shift, and go to state 8


State 5

    1 calc: expression .
    2 expression: expression . '+' expression
    3           | expression . '-' expression
    4           | expression . '*' expression
    5           | expression . '/' expression

    '+'  shift, and go to state 9
    '-'  shift, and go to state 10
    '*'  shift, and go to state 11
    '/'  shift, and go to state 12

    $default  reduce using rule 1 (calc)


State 6

    2 expression: expression . '+' expression
    3           | expression . '-' expression
    4           | expression . '*' expression
    5           | expression . '/' expression
    6           | '-' expression .

    '*'  shift, and go to state 11
    '/'  shift, and go to state 12

    $default  reduce using rule 6 (expression)


State 7

    2 expression: expression . '+' expression
    3           | expression . '-' expression
    4           | expression . '*' expression
    5           | expression . '/' expression
    7           | '(' expression . ')'

    '+'  shift, and go to state 9
    '-'  shift, and go to state 10
    '*'  shift, and go to state 11
    '/'  shift, and go to state 12
    ')'  shift, and go to state 13


State 8

    0 $accept: calc $end .

    $default  accept


State 9

    2 expression: expression '+' . expression

    NUMBER  shift, and go to state 1
    '-'     shift, and go to state 2
    '('     shift, and go to state 3

    expression  go to state 14


State 10

    3 expression: expression '-' . expression

    NUMBER  shift, and go to state 1
    '-'     shift, and go to state 2
    '('     shift, and go to state 3

    expression  go to state 15


State 11

    4 expression: expression '*' . expression

    NUMBER  shift, and go to state 1
    '-'     shift, and go to state 2
    '('     shift, and go to state 3

    expression  go to state 16


State 12

    5 expression: expression '/' . expression

    NUMBER  shift, and go to state 1
    '-'     shift, and go to state 2
    '('     shift, and go to state 3

    expression  go to state 17


State 13

    7 expression: '(' expression ')' .

    $default  reduce using rule 7 (expression)


State 14

    2 expression: expression . '+' expression
    2           | expression '+' expression .
    3           | expression . '-' expression
    4           | expression . '*' expression
    5           | expression . '/' expression

    '*'  shift, and go to state 11
    '/'  shift, and go to state 12

    $default  reduce using rule 2 (expression)


State 15

    2 expression: expression . '+' expression
    3           | expression . '-' expression
    3           | expression '-' expression .
    4           | expression . '*' expression
    5           | expression . '/' expression

    '*'  shift, and go to state 11
    '/'  shift, and go to state 12

    $default  reduce using rule 3 (expression)


State 16

    2 expression: expression . '+' expression
    3           | expression . '-' expression
    4           | expression . '*' expression
    4           | expression '*' expression .
    5           | expression . '/' expression

    $default  reduce using rule 4 (expression)


State 17

    2 expression: expression . '+' expression
    3           | expression . '-' expression
    4           | expression . '*' expression
    5           | expression . '/' expression
    5           | expression '/' expression .

    $default  reduce using rule 5 (expression)
